<?xml version="1.0" encoding="UTF-8"?>
<coverage generated="1788884535619" clover="3.2.0">
  <project timestamp="1788884535619" name="All files">
    <metrics statements="78" coveredstatements="77" conditionals="62" coveredconditionals="58" methods="14" coveredmethods="14" elements="154" coveredelements="149" complexity="0" loc="78" ncloc="78" packages="1" files="2" classes="2"/>
    <file name="math.js" path="C:\Users\49102691850\Downloads\Unitários-Lib-v2-Aluno\Unitários-Lib-v2-Aluno\src\math.js">
      <metrics statements="68" coveredstatements="67" conditionals="56" coveredconditionals="52" methods="12" coveredmethods="12"/>
      <line num="2" count="4" type="cond" truecount="4" falsecount="0"/>
      <line num="3" count="1" type="stmt"/>
      <line num="6" count="3" type="stmt"/>
      <line num="10" count="4" type="cond" truecount="4" falsecount="0"/>
      <line num="11" count="1" type="stmt"/>
      <line num="14" count="3" type="stmt"/>
      <line num="18" count="4" type="cond" truecount="4" falsecount="0"/>
      <line num="19" count="1" type="stmt"/>
      <line num="22" count="3" type="stmt"/>
      <line num="26" count="5" type="cond" truecount="4" falsecount="0"/>
      <line num="27" count="1" type="stmt"/>
      <line num="30" count="4" type="cond" truecount="2" falsecount="0"/>
      <line num="31" count="1" type="stmt"/>
      <line num="33" count="3" type="stmt"/>
      <line num="37" count="4" type="cond" truecount="4" falsecount="0"/>
      <line num="38" count="1" type="stmt"/>
      <line num="41" count="3" type="stmt"/>
      <line num="46" count="5" type="cond" truecount="2" falsecount="0"/>
      <line num="47" count="1" type="stmt"/>
      <line num="50" count="4" type="cond" truecount="2" falsecount="0"/>
      <line num="51" count="1" type="stmt"/>
      <line num="54" count="3" type="cond" truecount="4" falsecount="0"/>
      <line num="55" count="1" type="stmt"/>
      <line num="58" count="2" type="stmt"/>
      <line num="59" count="2" type="stmt"/>
      <line num="60" count="8" type="stmt"/>
      <line num="63" count="2" type="stmt"/>
      <line num="67" count="4" type="cond" truecount="2" falsecount="0"/>
      <line num="68" count="1" type="stmt"/>
      <line num="71" count="3" type="stmt"/>
      <line num="75" count="5" type="cond" truecount="4" falsecount="0"/>
      <line num="76" count="2" type="stmt"/>
      <line num="79" count="9" type="stmt"/>
      <line num="80" count="3" type="stmt"/>
      <line num="84" count="7" type="cond" truecount="4" falsecount="0"/>
      <line num="85" count="3" type="stmt"/>
      <line num="88" count="4" type="cond" truecount="1" falsecount="1"/>
      <line num="89" count="0" type="stmt"/>
      <line num="92" count="4" type="cond" truecount="2" falsecount="0"/>
      <line num="93" count="1" type="stmt"/>
      <line num="96" count="3" type="stmt"/>
      <line num="97" count="1" type="cond" truecount="1" falsecount="1"/>
      <line num="98" count="1" type="stmt"/>
      <line num="102" count="2" type="stmt"/>
      <line num="106" count="4" type="cond" truecount="2" falsecount="0"/>
      <line num="107" count="1" type="stmt"/>
      <line num="110" count="3" type="stmt"/>
      <line num="114" count="6" type="cond" truecount="4" falsecount="0"/>
      <line num="115" count="2" type="stmt"/>
      <line num="118" count="4" type="cond" truecount="1" falsecount="1"/>
      <line num="119" count="4" type="cond" truecount="1" falsecount="1"/>
      <line num="121" count="4" type="stmt"/>
      <line num="122" count="4" type="stmt"/>
      <line num="124" count="4" type="stmt"/>
      <line num="125" count="20" type="stmt"/>
      <line num="126" count="20" type="stmt"/>
      <line num="127" count="20" type="stmt"/>
      <line num="130" count="4" type="stmt"/>
      <line num="133" count="1" type="stmt"/>
      <line num="134" count="1" type="stmt"/>
      <line num="135" count="1" type="stmt"/>
      <line num="136" count="1" type="stmt"/>
      <line num="137" count="1" type="stmt"/>
      <line num="138" count="1" type="stmt"/>
      <line num="139" count="1" type="stmt"/>
      <line num="140" count="1" type="stmt"/>
      <line num="141" count="1" type="stmt"/>
      <line num="142" count="1" type="stmt"/>
    </file>
    <file name="moeda.js" path="C:\Users\49102691850\Downloads\Unitários-Lib-v2-Aluno\Unitários-Lib-v2-Aluno\src\moeda.js">
      <metrics statements="10" coveredstatements="10" conditionals="6" coveredconditionals="6" methods="2" coveredmethods="2"/>
      <line num="3" count="1" type="stmt"/>
      <line num="6" count="7" type="stmt"/>
      <line num="13" count="7" type="stmt"/>
      <line num="15" count="7" type="cond" truecount="4" falsecount="0"/>
      <line num="16" count="1" type="stmt"/>
      <line num="19" count="6" type="stmt"/>
      <line num="23" count="4" type="cond" truecount="2" falsecount="0"/>
      <line num="24" count="1" type="stmt"/>
      <line num="27" count="3" type="stmt"/>
      <line num="28" count="3" type="stmt"/>
    </file>
  </project>
</coverage>
